[2025. 06. 13. 오후 05:20:10] [INFO] 봇 클라이언트가 설정되었습니다. 
[2025. 06. 13. 오후 05:20:10] [SYSTEM] 🚀 시스템을 시작하는 중... 
[2025. 06. 13. 오후 05:20:10] [SUCCESS] 📅 이벤트 로드됨: ready 
[2025. 06. 13. 오후 05:20:10] [INFO] 🤖 Discord 봇 로그인 중... 
[2025. 06. 13. 오후 05:20:11] [SYSTEM] 🤖 Aimbot.ad#9242 봇이 준비되었습니다! 
[2025. 06. 13. 오후 05:20:11] [INFO] 📊 2개의 서버에서 실행 중 
[2025. 06. 13. 오후 05:20:11] [MODULE] example 모듈이 초기화되었습니다. 
[2025. 06. 13. 오후 05:20:11] [SYSTEM] 🤖 봇 로그인: Aimbot.ad#9242 
[2025. 06. 13. 오후 05:20:11] [INFO] 📊 서버 수: 2 
[2025. 06. 13. 오후 05:20:11] [INFO] 👥 전체 유저 수: 1 
[2025. 06. 13. 오후 05:20:11] [SUCCESS] ✅ 모듈 로드됨: example 
[2025. 06. 13. 오후 05:20:11] [INFO] 📺 채널 수: 48 
[2025. 06. 13. 오후 05:20:11] [MODULE] party 모듈이 초기화되었습니다. 
[2025. 06. 13. 오후 05:20:11] [SUCCESS] ✅ 봇이 성공적으로 시작되었습니다! 
[2025. 06. 13. 오후 05:20:11] [INFO] 파티 모듈 이벤트 리스너가 등록되었습니다. 
[2025. 06. 13. 오후 05:20:11] [INFO] ✅ Callback URL: http://localhost:3000/auth/discord/callback 
[2025. 06. 13. 오후 05:20:11] [SUCCESS] ✅ 모듈 로드됨: party 
[2025. 06. 13. 오후 05:20:11] [INFO] ✅ Discord OAuth2 설정 확인: Client ID: 12701825... 
[2025. 06. 13. 오후 05:20:11] [STARTUP] 웹 대시보드가 시작되었습니다! 
[2025. 06. 13. 오후 05:20:11] [INFO] 📍 로컬 주소: http://127.0.0.1:3000 
[2025. 06. 13. 오후 05:20:11] [INFO] 📍 네트워크 주소: http://192.168.50.161:3000 
[2025. 06. 13. 오후 05:20:11] [INFO] 💡 팁: Ctrl+클릭으로 브라우저에서 바로 열 수 있습니다. 
[2025. 06. 13. 오후 05:20:11] [READY] 웹 대시보드 준비 완료! 
[2025. 06. 13. 오후 05:20:11] [INFO] 📍 로컬 주소: http://localhost:3000 
[2025. 06. 13. 오후 05:20:16] [WEB] GET /_profiler/phpinfo ::ffff:198.55.98.76
[2025. 06. 13. 오후 05:20:34] [INFO] 봇 클라이언트가 설정되었습니다. 
[2025. 06. 13. 오후 05:20:34] [SYSTEM] 🚀 시스템을 시작하는 중... 
[2025. 06. 13. 오후 05:20:34] [SUCCESS] 📅 이벤트 로드됨: ready 
[2025. 06. 13. 오후 05:20:34] [INFO] 🤖 Discord 봇 로그인 중... 
[2025. 06. 13. 오후 05:20:35] [SYSTEM] 🤖 Aimbot.ad#9242 봇이 준비되었습니다! 
[2025. 06. 13. 오후 05:20:35] [INFO] 📊 2개의 서버에서 실행 중 
[2025. 06. 13. 오후 05:20:35] [MODULE] example 모듈이 초기화되었습니다. 
[2025. 06. 13. 오후 05:20:35] [SYSTEM] 🤖 봇 로그인: Aimbot.ad#9242 
[2025. 06. 13. 오후 05:20:35] [INFO] 📊 서버 수: 2 
[2025. 06. 13. 오후 05:20:35] [INFO] 👥 전체 유저 수: 1 
[2025. 06. 13. 오후 05:20:35] [INFO] 📺 채널 수: 48 
[2025. 06. 13. 오후 05:20:35] [SUCCESS] ✅ 봇이 성공적으로 시작되었습니다! 
[2025. 06. 13. 오후 05:20:35] [SUCCESS] ✅ 모듈 로드됨: example 
[2025. 06. 13. 오후 05:20:35] [MODULE] party 모듈이 초기화되었습니다. 
[2025. 06. 13. 오후 05:20:35] [INFO] 파티 모듈 이벤트 리스너가 등록되었습니다. 
[2025. 06. 13. 오후 05:20:35] [SUCCESS] ✅ 모듈 로드됨: party 
[2025. 06. 13. 오후 05:20:35] [INFO] ✅ Discord OAuth2 설정 확인: Client ID: 12701825... 
[2025. 06. 13. 오후 05:20:35] [INFO] ✅ Callback URL: http://localhost:3000/auth/discord/callback 
[2025. 06. 13. 오후 05:20:35] [PERMISSION] 권한 데이터 로드 완료 
[2025. 06. 13. 오후 05:20:35] [PERMISSION] 권한 데이터 로드 완료 
[2025. 06. 13. 오후 05:20:35] [PERMISSION] 권한 데이터 저장 완료 
[2025. 06. 13. 오후 05:20:35] [PERMISSION] 권한 데이터 저장 완료 
[2025. 06. 13. 오후 05:20:35] [INFO] 📍 로컬 주소: http://127.0.0.1:3000 
[2025. 06. 13. 오후 05:20:35] [STARTUP] 웹 대시보드가 시작되었습니다! 
[2025. 06. 13. 오후 05:20:35] [INFO] 📍 네트워크 주소: http://192.168.50.161:3000 
[2025. 06. 13. 오후 05:20:35] [INFO] 💡 팁: Ctrl+클릭으로 브라우저에서 바로 열 수 있습니다. 
[2025. 06. 13. 오후 05:20:35] [INFO] 📍 로컬 주소: http://localhost:3000 
[2025. 06. 13. 오후 05:20:35] [READY] 웹 대시보드 준비 완료! 
[2025. 06. 13. 오후 05:20:36] [INFO] 봇 클라이언트가 설정되었습니다. 
[2025. 06. 13. 오후 05:20:36] [SYSTEM] 🚀 시스템을 시작하는 중... 
[2025. 06. 13. 오후 05:20:36] [SUCCESS] 📅 이벤트 로드됨: ready 
[2025. 06. 13. 오후 05:20:36] [INFO] 🤖 Discord 봇 로그인 중... 
[2025. 06. 13. 오후 05:20:36] [SYSTEM] 🤖 Aimbot.ad#9242 봇이 준비되었습니다! 
[2025. 06. 13. 오후 05:20:36] [MODULE] example 모듈이 초기화되었습니다. 
[2025. 06. 13. 오후 05:20:36] [INFO] 📊 2개의 서버에서 실행 중 
[2025. 06. 13. 오후 05:20:36] [SYSTEM] 🤖 봇 로그인: Aimbot.ad#9242 
[2025. 06. 13. 오후 05:20:36] [INFO] 📊 서버 수: 2 
[2025. 06. 13. 오후 05:20:36] [INFO] 👥 전체 유저 수: 1 
[2025. 06. 13. 오후 05:20:36] [INFO] 📺 채널 수: 48 
[2025. 06. 13. 오후 05:20:36] [SUCCESS] ✅ 봇이 성공적으로 시작되었습니다! 
[2025. 06. 13. 오후 05:20:36] [SUCCESS] ✅ 모듈 로드됨: example 
[2025. 06. 13. 오후 05:20:36] [MODULE] party 모듈이 초기화되었습니다. 
[2025. 06. 13. 오후 05:20:36] [INFO] 파티 모듈 이벤트 리스너가 등록되었습니다. 
[2025. 06. 13. 오후 05:20:36] [SUCCESS] ✅ 모듈 로드됨: party 
[2025. 06. 13. 오후 05:20:37] [INFO] ✅ Discord OAuth2 설정 확인: Client ID: 12701825... 
[2025. 06. 13. 오후 05:20:37] [INFO] ✅ Callback URL: http://localhost:3000/auth/discord/callback 
[2025. 06. 13. 오후 05:20:37] [PERMISSION] 권한 데이터 로드 완료 
[2025. 06. 13. 오후 05:20:37] [PERMISSION] 권한 데이터 로드 완료 
[2025. 06. 13. 오후 05:20:37] [PERMISSION] 권한 데이터 저장 완료 
[2025. 06. 13. 오후 05:20:37] [PERMISSION] 권한 데이터 저장 완료 
[2025. 06. 13. 오후 05:20:37] [STARTUP] 웹 대시보드가 시작되었습니다! 
[2025. 06. 13. 오후 05:20:37] [INFO] 📍 로컬 주소: http://127.0.0.1:3000 
[2025. 06. 13. 오후 05:20:37] [READY] 웹 대시보드 준비 완료! 
[2025. 06. 13. 오후 05:20:37] [INFO] 💡 팁: Ctrl+클릭으로 브라우저에서 바로 열 수 있습니다. 
[2025. 06. 13. 오후 05:20:37] [INFO] 📍 로컬 주소: http://localhost:3000 
[2025. 06. 13. 오후 05:20:37] [INFO] 📍 네트워크 주소: http://192.168.50.161:3000 
[2025. 06. 13. 오후 05:20:37] [INFO] 봇 클라이언트가 설정되었습니다. 
[2025. 06. 13. 오후 05:20:37] [SYSTEM] 🚀 시스템을 시작하는 중... 
[2025. 06. 13. 오후 05:20:37] [INFO] 🤖 Discord 봇 로그인 중... 
[2025. 06. 13. 오후 05:20:37] [SUCCESS] 📅 이벤트 로드됨: ready 
[2025. 06. 13. 오후 05:20:41] [SYSTEM] 🤖 Aimbot.ad#9242 봇이 준비되었습니다! 
[2025. 06. 13. 오후 05:20:41] [INFO] 📊 2개의 서버에서 실행 중 
[2025. 06. 13. 오후 05:20:41] [MODULE] example 모듈이 초기화되었습니다. 
[2025. 06. 13. 오후 05:20:41] [SYSTEM] 🤖 봇 로그인: Aimbot.ad#9242 
[2025. 06. 13. 오후 05:20:41] [INFO] 📊 서버 수: 2 
[2025. 06. 13. 오후 05:20:41] [INFO] 👥 전체 유저 수: 1 
[2025. 06. 13. 오후 05:20:41] [INFO] 📺 채널 수: 48 
[2025. 06. 13. 오후 05:20:41] [SUCCESS] ✅ 봇이 성공적으로 시작되었습니다! 
[2025. 06. 13. 오후 05:20:41] [SUCCESS] ✅ 모듈 로드됨: example 
[2025. 06. 13. 오후 05:20:41] [MODULE] party 모듈이 초기화되었습니다. 
[2025. 06. 13. 오후 05:20:41] [INFO] 파티 모듈 이벤트 리스너가 등록되었습니다. 
[2025. 06. 13. 오후 05:20:41] [SUCCESS] ✅ 모듈 로드됨: party 
[2025. 06. 13. 오후 05:20:41] [INFO] ✅ Discord OAuth2 설정 확인: Client ID: 12701825... 
[2025. 06. 13. 오후 05:20:41] [INFO] ✅ Callback URL: http://localhost:3000/auth/discord/callback 
[2025. 06. 13. 오후 05:20:41] [PERMISSION] 권한 데이터 로드 완료 
[2025. 06. 13. 오후 05:20:41] [PERMISSION] 권한 데이터 로드 완료 
[2025. 06. 13. 오후 05:20:41] [PERMISSION] 권한 데이터 저장 완료 
[2025. 06. 13. 오후 05:20:41] [PERMISSION] 권한 데이터 저장 완료 
[2025. 06. 13. 오후 05:20:41] [STARTUP] 웹 대시보드가 시작되었습니다! 
[2025. 06. 13. 오후 05:20:41] [INFO] 📍 로컬 주소: http://localhost:3000 
[2025. 06. 13. 오후 05:20:41] [INFO] 📍 로컬 주소: http://127.0.0.1:3000 
[2025. 06. 13. 오후 05:20:41] [INFO] 📍 네트워크 주소: http://192.168.50.161:3000 
[2025. 06. 13. 오후 05:20:41] [READY] 웹 대시보드 준비 완료! 
[2025. 06. 13. 오후 05:20:41] [INFO] 💡 팁: Ctrl+클릭으로 브라우저에서 바로 열 수 있습니다. 
[2025. 06. 13. 오후 05:20:41] [INFO] 봇 클라이언트가 설정되었습니다. 
[2025. 06. 13. 오후 05:20:41] [SYSTEM] 🚀 시스템을 시작하는 중... 
[2025. 06. 13. 오후 05:20:41] [INFO] 🤖 Discord 봇 로그인 중... 
[2025. 06. 13. 오후 05:20:41] [SUCCESS] 📅 이벤트 로드됨: ready 
[2025. 06. 13. 오후 05:20:47] [INFO] 봇 클라이언트가 설정되었습니다. 
[2025. 06. 13. 오후 05:20:47] [SUCCESS] 📅 이벤트 로드됨: ready 
[2025. 06. 13. 오후 05:20:47] [SYSTEM] 🚀 시스템을 시작하는 중... 
[2025. 06. 13. 오후 05:20:47] [INFO] 🤖 Discord 봇 로그인 중... 
[2025. 06. 13. 오후 05:20:48] [SYSTEM] 🤖 Aimbot.ad#9242 봇이 준비되었습니다! 
[2025. 06. 13. 오후 05:20:48] [INFO] 📊 2개의 서버에서 실행 중 
[2025. 06. 13. 오후 05:20:48] [MODULE] example 모듈이 초기화되었습니다. 
[2025. 06. 13. 오후 05:20:48] [SYSTEM] 🤖 봇 로그인: Aimbot.ad#9242 
[2025. 06. 13. 오후 05:20:48] [INFO] 📊 서버 수: 2 
[2025. 06. 13. 오후 05:20:48] [INFO] 👥 전체 유저 수: 1 
[2025. 06. 13. 오후 05:20:48] [INFO] 📺 채널 수: 48 
[2025. 06. 13. 오후 05:20:48] [SUCCESS] ✅ 봇이 성공적으로 시작되었습니다! 
[2025. 06. 13. 오후 05:20:48] [SUCCESS] ✅ 모듈 로드됨: example 
[2025. 06. 13. 오후 05:20:48] [MODULE] party 모듈이 초기화되었습니다. 
[2025. 06. 13. 오후 05:20:48] [SUCCESS] ✅ 모듈 로드됨: party 
[2025. 06. 13. 오후 05:20:48] [INFO] 파티 모듈 이벤트 리스너가 등록되었습니다. 
[2025. 06. 13. 오후 05:20:48] [INFO] ✅ Discord OAuth2 설정 확인: Client ID: 12701825... 
[2025. 06. 13. 오후 05:20:48] [INFO] ✅ Callback URL: http://localhost:3000/auth/discord/callback 
[2025. 06. 13. 오후 05:20:48] [PERMISSION] 권한 데이터 로드 완료 
[2025. 06. 13. 오후 05:20:48] [PERMISSION] 권한 데이터 로드 완료 
[2025. 06. 13. 오후 05:20:48] [PERMISSION] 권한 데이터 저장 완료 
[2025. 06. 13. 오후 05:20:48] [PERMISSION] 권한 데이터 저장 완료 
[2025. 06. 13. 오후 05:20:48] [STARTUP] 웹 대시보드가 시작되었습니다! 
[2025. 06. 13. 오후 05:20:48] [INFO] 📍 로컬 주소: http://localhost:3000 
[2025. 06. 13. 오후 05:20:48] [INFO] 📍 로컬 주소: http://127.0.0.1:3000 
[2025. 06. 13. 오후 05:20:48] [INFO] 📍 네트워크 주소: http://192.168.50.161:3000 
[2025. 06. 13. 오후 05:20:48] [READY] 웹 대시보드 준비 완료! 
[2025. 06. 13. 오후 05:20:48] [INFO] 💡 팁: Ctrl+클릭으로 브라우저에서 바로 열 수 있습니다. 
[2025. 06. 13. 오후 05:20:49] [SYSTEM] 🚀 시스템을 시작하는 중... 
[2025. 06. 13. 오후 05:20:49] [INFO] 봇 클라이언트가 설정되었습니다. 
[2025. 06. 13. 오후 05:20:49] [SUCCESS] 📅 이벤트 로드됨: ready 
[2025. 06. 13. 오후 05:20:49] [INFO] 🤖 Discord 봇 로그인 중... 
[2025. 06. 13. 오후 05:20:56] [INFO] 봇 클라이언트가 설정되었습니다. 
[2025. 06. 13. 오후 05:20:56] [SYSTEM] 🚀 시스템을 시작하는 중... 
[2025. 06. 13. 오후 05:20:56] [SUCCESS] 📅 이벤트 로드됨: ready 
[2025. 06. 13. 오후 05:20:56] [INFO] 🤖 Discord 봇 로그인 중... 
[2025. 06. 13. 오후 05:20:57] [SYSTEM] 🤖 Aimbot.ad#9242 봇이 준비되었습니다! 
[2025. 06. 13. 오후 05:20:57] [INFO] 📊 2개의 서버에서 실행 중 
[2025. 06. 13. 오후 05:20:57] [MODULE] example 모듈이 초기화되었습니다. 
[2025. 06. 13. 오후 05:20:57] [SYSTEM] 🤖 봇 로그인: Aimbot.ad#9242 
[2025. 06. 13. 오후 05:20:57] [INFO] 📊 서버 수: 2 
[2025. 06. 13. 오후 05:20:57] [INFO] 👥 전체 유저 수: 1 
[2025. 06. 13. 오후 05:20:57] [INFO] 📺 채널 수: 48 
[2025. 06. 13. 오후 05:20:57] [SUCCESS] ✅ 봇이 성공적으로 시작되었습니다! 
[2025. 06. 13. 오후 05:20:57] [SUCCESS] ✅ 모듈 로드됨: example 
[2025. 06. 13. 오후 05:20:57] [MODULE] party 모듈이 초기화되었습니다. 
[2025. 06. 13. 오후 05:20:57] [SUCCESS] ✅ 모듈 로드됨: party 
[2025. 06. 13. 오후 05:20:57] [INFO] 파티 모듈 이벤트 리스너가 등록되었습니다. 
[2025. 06. 13. 오후 05:20:57] [INFO] ✅ Discord OAuth2 설정 확인: Client ID: 12701825... 
[2025. 06. 13. 오후 05:20:57] [INFO] ✅ Callback URL: http://localhost:3000/auth/discord/callback 
[2025. 06. 13. 오후 05:20:57] [PERMISSION] 권한 데이터 로드 완료 
[2025. 06. 13. 오후 05:20:57] [PERMISSION] 권한 데이터 로드 완료 
[2025. 06. 13. 오후 05:20:57] [PERMISSION] 권한 데이터 저장 완료 
[2025. 06. 13. 오후 05:20:57] [PERMISSION] 권한 데이터 저장 완료 
[2025. 06. 13. 오후 05:20:57] [STARTUP] 웹 대시보드가 시작되었습니다! 
[2025. 06. 13. 오후 05:20:57] [INFO] 📍 네트워크 주소: http://192.168.50.161:3000 
[2025. 06. 13. 오후 05:20:57] [INFO] 📍 로컬 주소: http://127.0.0.1:3000 
[2025. 06. 13. 오후 05:20:57] [INFO] 💡 팁: Ctrl+클릭으로 브라우저에서 바로 열 수 있습니다. 
[2025. 06. 13. 오후 05:20:57] [READY] 웹 대시보드 준비 완료! 
[2025. 06. 13. 오후 05:20:57] [INFO] 📍 로컬 주소: http://localhost:3000 
[2025. 06. 13. 오후 05:20:57] [INFO] 봇 클라이언트가 설정되었습니다. 
[2025. 06. 13. 오후 05:20:57] [SYSTEM] 🚀 시스템을 시작하는 중... 
[2025. 06. 13. 오후 05:20:57] [INFO] 🤖 Discord 봇 로그인 중... 
[2025. 06. 13. 오후 05:20:57] [SUCCESS] 📅 이벤트 로드됨: ready 
[2025. 06. 13. 오후 05:20:58] [SYSTEM] 🤖 Aimbot.ad#9242 봇이 준비되었습니다! 
[2025. 06. 13. 오후 05:20:58] [INFO] 📊 2개의 서버에서 실행 중 
[2025. 06. 13. 오후 05:20:58] [MODULE] example 모듈이 초기화되었습니다. 
[2025. 06. 13. 오후 05:20:58] [SYSTEM] 🤖 봇 로그인: Aimbot.ad#9242 
[2025. 06. 13. 오후 05:20:58] [INFO] 📊 서버 수: 2 
[2025. 06. 13. 오후 05:20:58] [INFO] 👥 전체 유저 수: 1 
[2025. 06. 13. 오후 05:20:58] [INFO] 📺 채널 수: 48 
[2025. 06. 13. 오후 05:20:58] [SUCCESS] ✅ 봇이 성공적으로 시작되었습니다! 
[2025. 06. 13. 오후 05:20:58] [SUCCESS] ✅ 모듈 로드됨: example 
[2025. 06. 13. 오후 05:20:58] [MODULE] party 모듈이 초기화되었습니다. 
[2025. 06. 13. 오후 05:20:58] [SUCCESS] ✅ 모듈 로드됨: party 
[2025. 06. 13. 오후 05:20:58] [INFO] 파티 모듈 이벤트 리스너가 등록되었습니다. 
[2025. 06. 13. 오후 05:20:58] [INFO] ✅ Discord OAuth2 설정 확인: Client ID: 12701825... 
[2025. 06. 13. 오후 05:20:58] [INFO] ✅ Callback URL: http://localhost:3000/auth/discord/callback 
[2025. 06. 13. 오후 05:20:58] [PERMISSION] 권한 데이터 로드 완료 
[2025. 06. 13. 오후 05:20:58] [PERMISSION] 권한 데이터 로드 완료 
[2025. 06. 13. 오후 05:20:58] [PERMISSION] 권한 데이터 저장 완료 
[2025. 06. 13. 오후 05:20:58] [PERMISSION] 권한 데이터 저장 완료 
[2025. 06. 13. 오후 05:20:58] [INFO] 📍 로컬 주소: http://localhost:3000 
[2025. 06. 13. 오후 05:20:58] [INFO] 📍 네트워크 주소: http://192.168.50.161:3000 
[2025. 06. 13. 오후 05:20:58] [INFO] 📍 로컬 주소: http://127.0.0.1:3000 
[2025. 06. 13. 오후 05:20:58] [STARTUP] 웹 대시보드가 시작되었습니다! 
[2025. 06. 13. 오후 05:20:58] [INFO] 💡 팁: Ctrl+클릭으로 브라우저에서 바로 열 수 있습니다. 
[2025. 06. 13. 오후 05:20:58] [READY] 웹 대시보드 준비 완료! 
[2025. 06. 13. 오후 05:20:58] [INFO] 봇 클라이언트가 설정되었습니다. 
[2025. 06. 13. 오후 05:20:58] [SYSTEM] 🚀 시스템을 시작하는 중... 
[2025. 06. 13. 오후 05:20:58] [SUCCESS] 📅 이벤트 로드됨: ready 
[2025. 06. 13. 오후 05:20:58] [INFO] 🤖 Discord 봇 로그인 중... 
[2025. 06. 13. 오후 05:21:02] [SYSTEM] 🤖 Aimbot.ad#9242 봇이 준비되었습니다! 
[2025. 06. 13. 오후 05:21:02] [SYSTEM] 🤖 봇 로그인: Aimbot.ad#9242 
[2025. 06. 13. 오후 05:21:02] [MODULE] example 모듈이 초기화되었습니다. 
[2025. 06. 13. 오후 05:21:02] [INFO] 📊 서버 수: 2 
[2025. 06. 13. 오후 05:21:02] [INFO] 📊 2개의 서버에서 실행 중 
[2025. 06. 13. 오후 05:21:02] [INFO] 👥 전체 유저 수: 1 
[2025. 06. 13. 오후 05:21:02] [INFO] 📺 채널 수: 48 
[2025. 06. 13. 오후 05:21:02] [SUCCESS] ✅ 봇이 성공적으로 시작되었습니다! 
[2025. 06. 13. 오후 05:21:02] [SUCCESS] ✅ 모듈 로드됨: example 
[2025. 06. 13. 오후 05:21:02] [MODULE] party 모듈이 초기화되었습니다. 
[2025. 06. 13. 오후 05:21:02] [INFO] 파티 모듈 이벤트 리스너가 등록되었습니다. 
[2025. 06. 13. 오후 05:21:02] [SUCCESS] ✅ 모듈 로드됨: party 
[2025. 06. 13. 오후 05:21:02] [INFO] ✅ Discord OAuth2 설정 확인: Client ID: 12701825... 
[2025. 06. 13. 오후 05:21:02] [INFO] ✅ Callback URL: http://localhost:3000/auth/discord/callback 
[2025. 06. 13. 오후 05:21:02] [PERMISSION] 권한 데이터 로드 완료 
[2025. 06. 13. 오후 05:21:02] [PERMISSION] 권한 데이터 로드 완료 
[2025. 06. 13. 오후 05:21:02] [PERMISSION] 권한 데이터 저장 완료 
[2025. 06. 13. 오후 05:21:02] [PERMISSION] 권한 데이터 저장 완료 
[2025. 06. 13. 오후 05:21:02] [STARTUP] 웹 대시보드가 시작되었습니다! 
[2025. 06. 13. 오후 05:21:02] [INFO] 📍 로컬 주소: http://localhost:3000 
[2025. 06. 13. 오후 05:21:02] [INFO] 📍 로컬 주소: http://127.0.0.1:3000 
[2025. 06. 13. 오후 05:21:02] [INFO] 📍 네트워크 주소: http://192.168.50.161:3000 
[2025. 06. 13. 오후 05:21:02] [READY] 웹 대시보드 준비 완료! 
[2025. 06. 13. 오후 05:21:02] [INFO] 💡 팁: Ctrl+클릭으로 브라우저에서 바로 열 수 있습니다. 
[2025. 06. 13. 오후 05:21:03] [INFO] 봇 클라이언트가 설정되었습니다. 
[2025. 06. 13. 오후 05:21:03] [SUCCESS] 📅 이벤트 로드됨: ready 
[2025. 06. 13. 오후 05:21:03] [SYSTEM] 🚀 시스템을 시작하는 중... 
[2025. 06. 13. 오후 05:21:03] [INFO] 🤖 Discord 봇 로그인 중... 
[2025. 06. 13. 오후 05:21:09] [SYSTEM] 🤖 Aimbot.ad#9242 봇이 준비되었습니다! 
[2025. 06. 13. 오후 05:21:09] [MODULE] example 모듈이 초기화되었습니다. 
[2025. 06. 13. 오후 05:21:09] [INFO] 📊 서버 수: 2 
[2025. 06. 13. 오후 05:21:09] [INFO] 📊 2개의 서버에서 실행 중 
[2025. 06. 13. 오후 05:21:09] [SYSTEM] 🤖 봇 로그인: Aimbot.ad#9242 
[2025. 06. 13. 오후 05:21:09] [INFO] 👥 전체 유저 수: 1 
[2025. 06. 13. 오후 05:21:09] [INFO] 📺 채널 수: 48 
[2025. 06. 13. 오후 05:21:09] [SUCCESS] ✅ 봇이 성공적으로 시작되었습니다! 
[2025. 06. 13. 오후 05:21:09] [SUCCESS] ✅ 모듈 로드됨: example 
[2025. 06. 13. 오후 05:21:09] [MODULE] party 모듈이 초기화되었습니다. 
[2025. 06. 13. 오후 05:21:09] [INFO] 파티 모듈 이벤트 리스너가 등록되었습니다. 
[2025. 06. 13. 오후 05:21:09] [SUCCESS] ✅ 모듈 로드됨: party 
[2025. 06. 13. 오후 05:21:09] [INFO] ✅ Discord OAuth2 설정 확인: Client ID: 12701825... 
[2025. 06. 13. 오후 05:21:09] [INFO] ✅ Callback URL: http://localhost:3000/auth/discord/callback 
[2025. 06. 13. 오후 05:21:09] [PERMISSION] 권한 데이터 로드 완료 
[2025. 06. 13. 오후 05:21:09] [PERMISSION] 권한 데이터 로드 완료 
[2025. 06. 13. 오후 05:21:09] [PERMISSION] 권한 데이터 저장 완료 
[2025. 06. 13. 오후 05:21:09] [PERMISSION] 권한 데이터 저장 완료 
[2025. 06. 13. 오후 05:21:09] [STARTUP] 웹 대시보드가 시작되었습니다! 
[2025. 06. 13. 오후 05:21:09] [INFO] 📍 네트워크 주소: http://192.168.50.161:3000 
[2025. 06. 13. 오후 05:21:09] [READY] 웹 대시보드 준비 완료! 
[2025. 06. 13. 오후 05:21:09] [INFO] 💡 팁: Ctrl+클릭으로 브라우저에서 바로 열 수 있습니다. 
[2025. 06. 13. 오후 05:21:09] [INFO] 📍 로컬 주소: http://127.0.0.1:3000 
[2025. 06. 13. 오후 05:21:09] [INFO] 📍 로컬 주소: http://localhost:3000 
[2025. 06. 13. 오후 05:21:10] [INFO] 봇 클라이언트가 설정되었습니다. 
[2025. 06. 13. 오후 05:21:10] [SUCCESS] 📅 이벤트 로드됨: ready 
[2025. 06. 13. 오후 05:21:10] [SYSTEM] 🚀 시스템을 시작하는 중... 
[2025. 06. 13. 오후 05:21:10] [INFO] 🤖 Discord 봇 로그인 중... 
[2025. 06. 13. 오후 05:21:16] [SYSTEM] 🤖 Aimbot.ad#9242 봇이 준비되었습니다! 
[2025. 06. 13. 오후 05:21:16] [SYSTEM] 🤖 봇 로그인: Aimbot.ad#9242 
[2025. 06. 13. 오후 05:21:16] [MODULE] example 모듈이 초기화되었습니다. 
[2025. 06. 13. 오후 05:21:16] [INFO] 📊 2개의 서버에서 실행 중 
[2025. 06. 13. 오후 05:21:16] [INFO] 👥 전체 유저 수: 1 
[2025. 06. 13. 오후 05:21:16] [INFO] 📺 채널 수: 48 
[2025. 06. 13. 오후 05:21:16] [SUCCESS] ✅ 봇이 성공적으로 시작되었습니다! 
[2025. 06. 13. 오후 05:21:16] [SUCCESS] ✅ 모듈 로드됨: example 
[2025. 06. 13. 오후 05:21:16] [MODULE] party 모듈이 초기화되었습니다. 
[2025. 06. 13. 오후 05:21:16] [INFO] 파티 모듈 이벤트 리스너가 등록되었습니다. 
[2025. 06. 13. 오후 05:21:16] [SUCCESS] ✅ 모듈 로드됨: party 
[2025. 06. 13. 오후 05:21:16] [INFO] 📊 서버 수: 2 
[2025. 06. 13. 오후 05:21:16] [INFO] ✅ Discord OAuth2 설정 확인: Client ID: 12701825... 
[2025. 06. 13. 오후 05:21:16] [INFO] ✅ Callback URL: http://localhost:3000/auth/discord/callback 
[2025. 06. 13. 오후 05:21:16] [PERMISSION] 권한 데이터 로드 완료 
[2025. 06. 13. 오후 05:21:16] [PERMISSION] 권한 데이터 로드 완료 
[2025. 06. 13. 오후 05:21:16] [PERMISSION] 권한 데이터 저장 완료 
[2025. 06. 13. 오후 05:21:16] [PERMISSION] 권한 데이터 저장 완료 
[2025. 06. 13. 오후 05:21:16] [STARTUP] 웹 대시보드가 시작되었습니다! 
[2025. 06. 13. 오후 05:21:16] [INFO] 📍 로컬 주소: http://localhost:3000 
[2025. 06. 13. 오후 05:21:16] [INFO] 📍 로컬 주소: http://127.0.0.1:3000 
[2025. 06. 13. 오후 05:21:16] [INFO] 📍 네트워크 주소: http://192.168.50.161:3000 
[2025. 06. 13. 오후 05:21:16] [READY] 웹 대시보드 준비 완료! 
[2025. 06. 13. 오후 05:21:16] [INFO] 💡 팁: Ctrl+클릭으로 브라우저에서 바로 열 수 있습니다. 
[2025. 06. 13. 오후 05:21:16] [INFO] 봇 클라이언트가 설정되었습니다. 
[2025. 06. 13. 오후 05:21:17] [SYSTEM] 🚀 시스템을 시작하는 중... 
[2025. 06. 13. 오후 05:21:17] [SUCCESS] 📅 이벤트 로드됨: ready 
[2025. 06. 13. 오후 05:21:17] [INFO] 🤖 Discord 봇 로그인 중... 
[2025. 06. 13. 오후 05:21:18] [SYSTEM] 🤖 Aimbot.ad#9242 봇이 준비되었습니다! 
[2025. 06. 13. 오후 05:21:18] [MODULE] example 모듈이 초기화되었습니다. 
[2025. 06. 13. 오후 05:21:18] [SYSTEM] 🤖 봇 로그인: Aimbot.ad#9242 
[2025. 06. 13. 오후 05:21:18] [INFO] 📊 2개의 서버에서 실행 중 
[2025. 06. 13. 오후 05:21:18] [INFO] 📊 서버 수: 2 
[2025. 06. 13. 오후 05:21:18] [INFO] 👥 전체 유저 수: 1 
[2025. 06. 13. 오후 05:21:18] [INFO] 📺 채널 수: 48 
[2025. 06. 13. 오후 05:21:18] [SUCCESS] ✅ 봇이 성공적으로 시작되었습니다! 
[2025. 06. 13. 오후 05:21:18] [SUCCESS] ✅ 모듈 로드됨: example 
[2025. 06. 13. 오후 05:21:18] [MODULE] party 모듈이 초기화되었습니다. 
[2025. 06. 13. 오후 05:21:18] [INFO] 파티 모듈 이벤트 리스너가 등록되었습니다. 
[2025. 06. 13. 오후 05:21:18] [SUCCESS] ✅ 모듈 로드됨: party 
[2025. 06. 13. 오후 05:21:18] [INFO] ✅ Discord OAuth2 설정 확인: Client ID: 12701825... 
[2025. 06. 13. 오후 05:21:18] [INFO] ✅ Callback URL: http://localhost:3000/auth/discord/callback 
[2025. 06. 13. 오후 05:21:18] [PERMISSION] 권한 데이터 로드 완료 
[2025. 06. 13. 오후 05:21:18] [PERMISSION] 권한 데이터 로드 완료 
[2025. 06. 13. 오후 05:21:18] [PERMISSION] 권한 데이터 저장 완료 
[2025. 06. 13. 오후 05:21:18] [PERMISSION] 권한 데이터 저장 완료 
[2025. 06. 13. 오후 05:21:18] [STARTUP] 웹 대시보드가 시작되었습니다! 
[2025. 06. 13. 오후 05:21:18] [INFO] 📍 로컬 주소: http://localhost:3000 
[2025. 06. 13. 오후 05:21:18] [INFO] 📍 로컬 주소: http://127.0.0.1:3000 
[2025. 06. 13. 오후 05:21:18] [INFO] 📍 네트워크 주소: http://192.168.50.161:3000 
[2025. 06. 13. 오후 05:21:18] [INFO] 💡 팁: Ctrl+클릭으로 브라우저에서 바로 열 수 있습니다. 
[2025. 06. 13. 오후 05:21:18] [READY] 웹 대시보드 준비 완료! 
[2025. 06. 13. 오후 05:21:18] [WEB] GET / ::1
[2025. 06. 13. 오후 05:21:18] [INFO] 봇 클라이언트가 설정되었습니다. 
[2025. 06. 13. 오후 05:21:18] [SYSTEM] 🚀 시스템을 시작하는 중... 
[2025. 06. 13. 오후 05:21:18] [INFO] 🤖 Discord 봇 로그인 중... 
[2025. 06. 13. 오후 05:21:18] [SUCCESS] 📅 이벤트 로드됨: ready 
[2025. 06. 13. 오후 05:21:25] [SYSTEM] 🤖 Aimbot.ad#9242 봇이 준비되었습니다! 
[2025. 06. 13. 오후 05:21:25] [MODULE] example 모듈이 초기화되었습니다. 
[2025. 06. 13. 오후 05:21:25] [INFO] 📊 서버 수: 2 
[2025. 06. 13. 오후 05:21:25] [SYSTEM] 🤖 봇 로그인: Aimbot.ad#9242 
[2025. 06. 13. 오후 05:21:25] [INFO] 📊 2개의 서버에서 실행 중 
[2025. 06. 13. 오후 05:21:25] [INFO] 👥 전체 유저 수: 1 
[2025. 06. 13. 오후 05:21:25] [INFO] 📺 채널 수: 48 
[2025. 06. 13. 오후 05:21:25] [SUCCESS] ✅ 봇이 성공적으로 시작되었습니다! 
[2025. 06. 13. 오후 05:21:25] [SUCCESS] ✅ 모듈 로드됨: example 
[2025. 06. 13. 오후 05:21:25] [MODULE] party 모듈이 초기화되었습니다. 
[2025. 06. 13. 오후 05:21:25] [INFO] 파티 모듈 이벤트 리스너가 등록되었습니다. 
[2025. 06. 13. 오후 05:21:25] [SUCCESS] ✅ 모듈 로드됨: party 
[2025. 06. 13. 오후 05:21:25] [INFO] ✅ Discord OAuth2 설정 확인: Client ID: 12701825... 
[2025. 06. 13. 오후 05:21:25] [INFO] ✅ Callback URL: http://localhost:3000/auth/discord/callback 
[2025. 06. 13. 오후 05:21:25] [PERMISSION] 권한 데이터 로드 완료 
[2025. 06. 13. 오후 05:21:25] [PERMISSION] 권한 데이터 로드 완료 
[2025. 06. 13. 오후 05:21:25] [PERMISSION] 권한 데이터 저장 완료 
[2025. 06. 13. 오후 05:21:25] [STARTUP] 웹 대시보드가 시작되었습니다! 
[2025. 06. 13. 오후 05:21:25] [PERMISSION] 권한 데이터 저장 완료 
[2025. 06. 13. 오후 05:21:25] [INFO] 📍 로컬 주소: http://localhost:3000 
[2025. 06. 13. 오후 05:21:25] [INFO] 📍 네트워크 주소: http://192.168.50.161:3000 
[2025. 06. 13. 오후 05:21:25] [INFO] 💡 팁: Ctrl+클릭으로 브라우저에서 바로 열 수 있습니다. 
[2025. 06. 13. 오후 05:21:25] [INFO] 📍 로컬 주소: http://127.0.0.1:3000 
[2025. 06. 13. 오후 05:21:25] [READY] 웹 대시보드 준비 완료! 
[2025. 06. 13. 오후 05:21:25] [INFO] 봇 클라이언트가 설정되었습니다. 
[2025. 06. 13. 오후 05:21:25] [SYSTEM] 🚀 시스템을 시작하는 중... 
[2025. 06. 13. 오후 05:21:25] [SUCCESS] 📅 이벤트 로드됨: ready 
[2025. 06. 13. 오후 05:21:25] [INFO] 🤖 Discord 봇 로그인 중... 
[2025. 06. 13. 오후 05:21:32] [SYSTEM] 🤖 Aimbot.ad#9242 봇이 준비되었습니다! 
[2025. 06. 13. 오후 05:21:32] [SYSTEM] 🤖 봇 로그인: Aimbot.ad#9242 
[2025. 06. 13. 오후 05:21:32] [MODULE] example 모듈이 초기화되었습니다. 
[2025. 06. 13. 오후 05:21:32] [INFO] 📊 서버 수: 2 
[2025. 06. 13. 오후 05:21:32] [INFO] 📊 2개의 서버에서 실행 중 
[2025. 06. 13. 오후 05:21:32] [INFO] 👥 전체 유저 수: 1 
[2025. 06. 13. 오후 05:21:32] [INFO] 📺 채널 수: 48 
[2025. 06. 13. 오후 05:21:32] [SUCCESS] ✅ 봇이 성공적으로 시작되었습니다! 
[2025. 06. 13. 오후 05:21:32] [SUCCESS] ✅ 모듈 로드됨: example 
[2025. 06. 13. 오후 05:21:32] [MODULE] party 모듈이 초기화되었습니다. 
[2025. 06. 13. 오후 05:21:32] [INFO] 파티 모듈 이벤트 리스너가 등록되었습니다. 
[2025. 06. 13. 오후 05:21:32] [SUCCESS] ✅ 모듈 로드됨: party 
[2025. 06. 13. 오후 05:21:32] [INFO] ✅ Callback URL: http://localhost:3000/auth/discord/callback 
[2025. 06. 13. 오후 05:21:32] [INFO] ✅ Discord OAuth2 설정 확인: Client ID: 12701825... 
[2025. 06. 13. 오후 05:21:32] [PERMISSION] 권한 데이터 로드 완료 
[2025. 06. 13. 오후 05:21:32] [PERMISSION] 권한 데이터 로드 완료 
[2025. 06. 13. 오후 05:21:32] [PERMISSION] 권한 데이터 저장 완료 
[2025. 06. 13. 오후 05:21:32] [PERMISSION] 권한 데이터 저장 완료 
[2025. 06. 13. 오후 05:21:32] [INFO] 📍 로컬 주소: http://localhost:3000 
[2025. 06. 13. 오후 05:21:32] [STARTUP] 웹 대시보드가 시작되었습니다! 
[2025. 06. 13. 오후 05:21:32] [INFO] 📍 로컬 주소: http://127.0.0.1:3000 
[2025. 06. 13. 오후 05:21:32] [INFO] 📍 네트워크 주소: http://192.168.50.161:3000 
[2025. 06. 13. 오후 05:21:32] [READY] 웹 대시보드 준비 완료! 
[2025. 06. 13. 오후 05:21:32] [INFO] 💡 팁: Ctrl+클릭으로 브라우저에서 바로 열 수 있습니다. 
[2025. 06. 13. 오후 05:21:32] [INFO] 봇 클라이언트가 설정되었습니다. 
[2025. 06. 13. 오후 05:21:32] [SYSTEM] 🚀 시스템을 시작하는 중... 
[2025. 06. 13. 오후 05:21:32] [INFO] 🤖 Discord 봇 로그인 중... 
[2025. 06. 13. 오후 05:21:32] [SUCCESS] 📅 이벤트 로드됨: ready 
[2025. 06. 13. 오후 05:21:33] [SYSTEM] 🤖 Aimbot.ad#9242 봇이 준비되었습니다! 
[2025. 06. 13. 오후 05:21:33] [INFO] 📊 2개의 서버에서 실행 중 
[2025. 06. 13. 오후 05:21:33] [MODULE] example 모듈이 초기화되었습니다. 
[2025. 06. 13. 오후 05:21:33] [SYSTEM] 🤖 봇 로그인: Aimbot.ad#9242 
[2025. 06. 13. 오후 05:21:33] [INFO] 📊 서버 수: 2 
[2025. 06. 13. 오후 05:21:33] [INFO] 👥 전체 유저 수: 1 
[2025. 06. 13. 오후 05:21:33] [INFO] 📺 채널 수: 48 
[2025. 06. 13. 오후 05:21:33] [SUCCESS] ✅ 봇이 성공적으로 시작되었습니다! 
[2025. 06. 13. 오후 05:21:33] [SUCCESS] ✅ 모듈 로드됨: example 
[2025. 06. 13. 오후 05:21:33] [MODULE] party 모듈이 초기화되었습니다. 
[2025. 06. 13. 오후 05:21:33] [SUCCESS] ✅ 모듈 로드됨: party 
[2025. 06. 13. 오후 05:21:33] [INFO] 파티 모듈 이벤트 리스너가 등록되었습니다. 
[2025. 06. 13. 오후 05:21:33] [INFO] ✅ Discord OAuth2 설정 확인: Client ID: 12701825... 
[2025. 06. 13. 오후 05:21:33] [INFO] ✅ Callback URL: http://localhost:3000/auth/discord/callback 
[2025. 06. 13. 오후 05:21:33] [PERMISSION] 권한 데이터 로드 완료 
[2025. 06. 13. 오후 05:21:33] [PERMISSION] 권한 데이터 로드 완료 
[2025. 06. 13. 오후 05:21:33] [PERMISSION] 권한 데이터 저장 완료 
[2025. 06. 13. 오후 05:21:33] [PERMISSION] 권한 데이터 저장 완료 
[2025. 06. 13. 오후 05:21:33] [STARTUP] 웹 대시보드가 시작되었습니다! 
[2025. 06. 13. 오후 05:21:33] [INFO] 📍 네트워크 주소: http://192.168.50.161:3000 
[2025. 06. 13. 오후 05:21:33] [INFO] 📍 로컬 주소: http://localhost:3000 
[2025. 06. 13. 오후 05:21:33] [INFO] 💡 팁: Ctrl+클릭으로 브라우저에서 바로 열 수 있습니다. 
[2025. 06. 13. 오후 05:21:33] [READY] 웹 대시보드 준비 완료! 
[2025. 06. 13. 오후 05:21:33] [INFO] 📍 로컬 주소: http://127.0.0.1:3000 
[2025. 06. 13. 오후 05:21:33] [INFO] 봇 클라이언트가 설정되었습니다. 
[2025. 06. 13. 오후 05:21:33] [SYSTEM] 🚀 시스템을 시작하는 중... 
[2025. 06. 13. 오후 05:21:33] [INFO] 🤖 Discord 봇 로그인 중... 
[2025. 06. 13. 오후 05:21:33] [SUCCESS] 📅 이벤트 로드됨: ready 
[2025. 06. 13. 오후 05:21:40] [SYSTEM] 🤖 Aimbot.ad#9242 봇이 준비되었습니다! 
[2025. 06. 13. 오후 05:21:40] [INFO] 📊 2개의 서버에서 실행 중 
[2025. 06. 13. 오후 05:21:40] [MODULE] example 모듈이 초기화되었습니다. 
[2025. 06. 13. 오후 05:21:40] [SYSTEM] 🤖 봇 로그인: Aimbot.ad#9242 
[2025. 06. 13. 오후 05:21:40] [INFO] 📊 서버 수: 2 
[2025. 06. 13. 오후 05:21:40] [INFO] 👥 전체 유저 수: 1 
[2025. 06. 13. 오후 05:21:40] [INFO] 📺 채널 수: 48 
[2025. 06. 13. 오후 05:21:40] [SUCCESS] ✅ 봇이 성공적으로 시작되었습니다! 
[2025. 06. 13. 오후 05:21:40] [SUCCESS] ✅ 모듈 로드됨: example 
[2025. 06. 13. 오후 05:21:40] [MODULE] party 모듈이 초기화되었습니다. 
[2025. 06. 13. 오후 05:21:40] [SUCCESS] ✅ 모듈 로드됨: party 
[2025. 06. 13. 오후 05:21:40] [INFO] 파티 모듈 이벤트 리스너가 등록되었습니다. 
[2025. 06. 13. 오후 05:21:40] [INFO] ✅ Discord OAuth2 설정 확인: Client ID: 12701825... 
[2025. 06. 13. 오후 05:21:40] [INFO] ✅ Callback URL: http://localhost:3000/auth/discord/callback 
[2025. 06. 13. 오후 05:21:40] [PERMISSION] 권한 데이터 로드 완료 
[2025. 06. 13. 오후 05:21:40] [PERMISSION] 권한 데이터 로드 완료 
[2025. 06. 13. 오후 05:21:40] [PERMISSION] 권한 데이터 저장 완료 
[2025. 06. 13. 오후 05:21:40] [PERMISSION] 권한 데이터 저장 완료 
[2025. 06. 13. 오후 05:21:40] [STARTUP] 웹 대시보드가 시작되었습니다! 
[2025. 06. 13. 오후 05:21:40] [INFO] 📍 로컬 주소: http://localhost:3000 
[2025. 06. 13. 오후 05:21:40] [INFO] 📍 로컬 주소: http://127.0.0.1:3000 
[2025. 06. 13. 오후 05:21:40] [INFO] 📍 네트워크 주소: http://192.168.50.161:3000 
[2025. 06. 13. 오후 05:21:40] [INFO] 💡 팁: Ctrl+클릭으로 브라우저에서 바로 열 수 있습니다. 
[2025. 06. 13. 오후 05:21:40] [READY] 웹 대시보드 준비 완료! 
[2025. 06. 13. 오후 05:21:41] [INFO] 봇 클라이언트가 설정되었습니다. 
[2025. 06. 13. 오후 05:21:41] [SYSTEM] 🚀 시스템을 시작하는 중... 
[2025. 06. 13. 오후 05:21:41] [INFO] 🤖 Discord 봇 로그인 중... 
[2025. 06. 13. 오후 05:21:41] [SUCCESS] 📅 이벤트 로드됨: ready 
[2025. 06. 13. 오후 05:21:47] [SYSTEM] 🤖 Aimbot.ad#9242 봇이 준비되었습니다! 
[2025. 06. 13. 오후 05:21:47] [INFO] 📊 2개의 서버에서 실행 중 
[2025. 06. 13. 오후 05:21:47] [MODULE] example 모듈이 초기화되었습니다. 
[2025. 06. 13. 오후 05:21:47] [INFO] 📊 서버 수: 2 
[2025. 06. 13. 오후 05:21:47] [SYSTEM] 🤖 봇 로그인: Aimbot.ad#9242 
[2025. 06. 13. 오후 05:21:47] [INFO] 👥 전체 유저 수: 1 
[2025. 06. 13. 오후 05:21:47] [INFO] 📺 채널 수: 48 
[2025. 06. 13. 오후 05:21:47] [SUCCESS] ✅ 봇이 성공적으로 시작되었습니다! 
[2025. 06. 13. 오후 05:21:47] [SUCCESS] ✅ 모듈 로드됨: example 
[2025. 06. 13. 오후 05:21:47] [MODULE] party 모듈이 초기화되었습니다. 
[2025. 06. 13. 오후 05:21:47] [INFO] 파티 모듈 이벤트 리스너가 등록되었습니다. 
[2025. 06. 13. 오후 05:21:47] [SUCCESS] ✅ 모듈 로드됨: party 
[2025. 06. 13. 오후 05:21:47] [INFO] ✅ Discord OAuth2 설정 확인: Client ID: 12701825... 
[2025. 06. 13. 오후 05:21:47] [INFO] ✅ Callback URL: http://localhost:3000/auth/discord/callback 
[2025. 06. 13. 오후 05:21:47] [PERMISSION] 권한 데이터 로드 완료 
[2025. 06. 13. 오후 05:21:47] [PERMISSION] 권한 데이터 로드 완료 
[2025. 06. 13. 오후 05:21:47] [PERMISSION] 권한 데이터 저장 완료 
[2025. 06. 13. 오후 05:21:47] [STARTUP] 웹 대시보드가 시작되었습니다! 
[2025. 06. 13. 오후 05:21:47] [INFO] 📍 로컬 주소: http://localhost:3000 
[2025. 06. 13. 오후 05:21:47] [INFO] 📍 로컬 주소: http://127.0.0.1:3000 
[2025. 06. 13. 오후 05:21:47] [INFO] 📍 네트워크 주소: http://192.168.50.161:3000 
[2025. 06. 13. 오후 05:21:47] [READY] 웹 대시보드 준비 완료! 
[2025. 06. 13. 오후 05:21:47] [INFO] 💡 팁: Ctrl+클릭으로 브라우저에서 바로 열 수 있습니다. 
[2025. 06. 13. 오후 05:21:47] [PERMISSION] 권한 데이터 저장 완료 
[2025. 06. 13. 오후 05:21:47] [INFO] 봇 클라이언트가 설정되었습니다. 
[2025. 06. 13. 오후 05:21:47] [SYSTEM] 🚀 시스템을 시작하는 중... 
[2025. 06. 13. 오후 05:21:47] [INFO] 🤖 Discord 봇 로그인 중... 
[2025. 06. 13. 오후 05:21:47] [SUCCESS] 📅 이벤트 로드됨: ready 
[2025. 06. 13. 오후 05:21:48] [SYSTEM] 🤖 Aimbot.ad#9242 봇이 준비되었습니다! 
[2025. 06. 13. 오후 05:21:48] [MODULE] example 모듈이 초기화되었습니다. 
[2025. 06. 13. 오후 05:21:48] [SYSTEM] 🤖 봇 로그인: Aimbot.ad#9242 
[2025. 06. 13. 오후 05:21:48] [INFO] 📊 2개의 서버에서 실행 중 
[2025. 06. 13. 오후 05:21:48] [INFO] 📊 서버 수: 2 
[2025. 06. 13. 오후 05:21:48] [INFO] 👥 전체 유저 수: 1 
[2025. 06. 13. 오후 05:21:48] [INFO] 📺 채널 수: 48 
[2025. 06. 13. 오후 05:21:48] [SUCCESS] ✅ 봇이 성공적으로 시작되었습니다! 
[2025. 06. 13. 오후 05:21:48] [SUCCESS] ✅ 모듈 로드됨: example 
[2025. 06. 13. 오후 05:21:48] [MODULE] party 모듈이 초기화되었습니다. 
[2025. 06. 13. 오후 05:21:48] [INFO] 파티 모듈 이벤트 리스너가 등록되었습니다. 
[2025. 06. 13. 오후 05:21:48] [SUCCESS] ✅ 모듈 로드됨: party 
[2025. 06. 13. 오후 05:21:48] [INFO] ✅ Discord OAuth2 설정 확인: Client ID: 12701825... 
[2025. 06. 13. 오후 05:21:48] [INFO] ✅ Callback URL: http://localhost:3000/auth/discord/callback 
[2025. 06. 13. 오후 05:21:48] [PERMISSION] 권한 데이터 로드 완료 
[2025. 06. 13. 오후 05:21:48] [PERMISSION] 권한 데이터 로드 완료 
[2025. 06. 13. 오후 05:21:48] [PERMISSION] 권한 데이터 저장 완료 
[2025. 06. 13. 오후 05:21:48] [PERMISSION] 권한 데이터 저장 완료 
[2025. 06. 13. 오후 05:21:48] [STARTUP] 웹 대시보드가 시작되었습니다! 
[2025. 06. 13. 오후 05:21:48] [INFO] 📍 로컬 주소: http://localhost:3000 
[2025. 06. 13. 오후 05:21:48] [INFO] 📍 로컬 주소: http://127.0.0.1:3000 
[2025. 06. 13. 오후 05:21:48] [INFO] 📍 네트워크 주소: http://192.168.50.161:3000 
[2025. 06. 13. 오후 05:21:48] [READY] 웹 대시보드 준비 완료! 
[2025. 06. 13. 오후 05:21:48] [INFO] 💡 팁: Ctrl+클릭으로 브라우저에서 바로 열 수 있습니다. 
[2025. 06. 13. 오후 05:21:49] [INFO] 봇 클라이언트가 설정되었습니다. 
[2025. 06. 13. 오후 05:21:49] [SYSTEM] 🚀 시스템을 시작하는 중... 
[2025. 06. 13. 오후 05:21:49] [SUCCESS] 📅 이벤트 로드됨: ready 
[2025. 06. 13. 오후 05:21:49] [INFO] 🤖 Discord 봇 로그인 중... 
[2025. 06. 13. 오후 05:21:55] [SYSTEM] 🤖 Aimbot.ad#9242 봇이 준비되었습니다! 
[2025. 06. 13. 오후 05:21:55] [INFO] 📊 2개의 서버에서 실행 중 
[2025. 06. 13. 오후 05:21:55] [MODULE] example 모듈이 초기화되었습니다. 
[2025. 06. 13. 오후 05:21:55] [INFO] 📊 서버 수: 2 
[2025. 06. 13. 오후 05:21:55] [SYSTEM] 🤖 봇 로그인: Aimbot.ad#9242 
[2025. 06. 13. 오후 05:21:55] [INFO] 👥 전체 유저 수: 1 
[2025. 06. 13. 오후 05:21:55] [INFO] 📺 채널 수: 48 
[2025. 06. 13. 오후 05:21:55] [SUCCESS] ✅ 모듈 로드됨: example 
[2025. 06. 13. 오후 05:21:55] [SUCCESS] ✅ 봇이 성공적으로 시작되었습니다! 
[2025. 06. 13. 오후 05:21:55] [MODULE] party 모듈이 초기화되었습니다. 
[2025. 06. 13. 오후 05:21:55] [INFO] 파티 모듈 이벤트 리스너가 등록되었습니다. 
[2025. 06. 13. 오후 05:21:55] [SUCCESS] ✅ 모듈 로드됨: party 
[2025. 06. 13. 오후 05:21:55] [INFO] ✅ Discord OAuth2 설정 확인: Client ID: 12701825... 
[2025. 06. 13. 오후 05:21:55] [INFO] ✅ Callback URL: http://localhost:3000/auth/discord/callback 
[2025. 06. 13. 오후 05:21:55] [PERMISSION] 권한 데이터 로드 완료 
[2025. 06. 13. 오후 05:21:55] [PERMISSION] 권한 데이터 로드 완료 
[2025. 06. 13. 오후 05:21:55] [PERMISSION] 권한 데이터 저장 완료 
[2025. 06. 13. 오후 05:21:55] [PERMISSION] 권한 데이터 저장 완료 
[2025. 06. 13. 오후 05:21:55] [STARTUP] 웹 대시보드가 시작되었습니다! 
[2025. 06. 13. 오후 05:21:55] [INFO] 📍 로컬 주소: http://localhost:3000 
[2025. 06. 13. 오후 05:21:55] [INFO] 📍 로컬 주소: http://127.0.0.1:3000 
[2025. 06. 13. 오후 05:21:55] [INFO] 📍 네트워크 주소: http://192.168.50.161:3000 
[2025. 06. 13. 오후 05:21:55] [READY] 웹 대시보드 준비 완료! 
[2025. 06. 13. 오후 05:21:55] [INFO] 💡 팁: Ctrl+클릭으로 브라우저에서 바로 열 수 있습니다. 
[2025. 06. 13. 오후 05:21:55] [INFO] 봇 클라이언트가 설정되었습니다. 
[2025. 06. 13. 오후 05:21:55] [SYSTEM] 🚀 시스템을 시작하는 중... 
[2025. 06. 13. 오후 05:21:55] [INFO] 🤖 Discord 봇 로그인 중... 
[2025. 06. 13. 오후 05:21:55] [SUCCESS] 📅 이벤트 로드됨: ready 
[2025. 06. 13. 오후 05:22:03] [SYSTEM] 🤖 Aimbot.ad#9242 봇이 준비되었습니다! 
[2025. 06. 13. 오후 05:22:03] [MODULE] example 모듈이 초기화되었습니다. 
[2025. 06. 13. 오후 05:22:03] [INFO] 📊 2개의 서버에서 실행 중 
[2025. 06. 13. 오후 05:22:03] [SYSTEM] 🤖 봇 로그인: Aimbot.ad#9242 
[2025. 06. 13. 오후 05:22:03] [INFO] 📊 서버 수: 2 
[2025. 06. 13. 오후 05:22:03] [INFO] 📺 채널 수: 48 
[2025. 06. 13. 오후 05:22:03] [INFO] 👥 전체 유저 수: 1 
[2025. 06. 13. 오후 05:22:03] [SUCCESS] ✅ 봇이 성공적으로 시작되었습니다! 
[2025. 06. 13. 오후 05:22:03] [SUCCESS] ✅ 모듈 로드됨: example 
[2025. 06. 13. 오후 05:22:03] [MODULE] party 모듈이 초기화되었습니다. 
[2025. 06. 13. 오후 05:22:03] [INFO] 파티 모듈 이벤트 리스너가 등록되었습니다. 
[2025. 06. 13. 오후 05:22:03] [SUCCESS] ✅ 모듈 로드됨: party 
[2025. 06. 13. 오후 05:22:03] [INFO] ✅ Discord OAuth2 설정 확인: Client ID: 12701825... 
[2025. 06. 13. 오후 05:22:03] [INFO] ✅ Callback URL: http://localhost:3000/auth/discord/callback 
[2025. 06. 13. 오후 05:22:03] [PERMISSION] 권한 데이터 로드 완료 
[2025. 06. 13. 오후 05:22:03] [PERMISSION] 권한 데이터 로드 완료 
[2025. 06. 13. 오후 05:22:03] [PERMISSION] 권한 데이터 저장 완료 
[2025. 06. 13. 오후 05:22:03] [PERMISSION] 권한 데이터 저장 완료 
[2025. 06. 13. 오후 05:22:03] [STARTUP] 웹 대시보드가 시작되었습니다! 
[2025. 06. 13. 오후 05:22:03] [INFO] 📍 로컬 주소: http://127.0.0.1:3000 
[2025. 06. 13. 오후 05:22:03] [INFO] 📍 네트워크 주소: http://192.168.50.161:3000 
[2025. 06. 13. 오후 05:22:03] [READY] 웹 대시보드 준비 완료! 
[2025. 06. 13. 오후 05:22:03] [INFO] 💡 팁: Ctrl+클릭으로 브라우저에서 바로 열 수 있습니다. 
[2025. 06. 13. 오후 05:22:03] [INFO] 📍 로컬 주소: http://localhost:3000 
[2025. 06. 13. 오후 05:22:03] [INFO] 봇 클라이언트가 설정되었습니다. 
[2025. 06. 13. 오후 05:22:03] [SYSTEM] 🚀 시스템을 시작하는 중... 
[2025. 06. 13. 오후 05:22:03] [INFO] 🤖 Discord 봇 로그인 중... 
[2025. 06. 13. 오후 05:22:03] [SUCCESS] 📅 이벤트 로드됨: ready 
[2025. 06. 13. 오후 05:22:04] [SYSTEM] 🤖 Aimbot.ad#9242 봇이 준비되었습니다! 
[2025. 06. 13. 오후 05:22:04] [INFO] 📊 2개의 서버에서 실행 중 
[2025. 06. 13. 오후 05:22:04] [MODULE] example 모듈이 초기화되었습니다. 
[2025. 06. 13. 오후 05:22:04] [SYSTEM] 🤖 봇 로그인: Aimbot.ad#9242 
[2025. 06. 13. 오후 05:22:04] [INFO] 📊 서버 수: 2 
[2025. 06. 13. 오후 05:22:04] [INFO] 👥 전체 유저 수: 1 
[2025. 06. 13. 오후 05:22:04] [INFO] 📺 채널 수: 48 
[2025. 06. 13. 오후 05:22:04] [SUCCESS] ✅ 봇이 성공적으로 시작되었습니다! 
[2025. 06. 13. 오후 05:22:04] [SUCCESS] ✅ 모듈 로드됨: example 
[2025. 06. 13. 오후 05:22:04] [MODULE] party 모듈이 초기화되었습니다. 
[2025. 06. 13. 오후 05:22:04] [INFO] 파티 모듈 이벤트 리스너가 등록되었습니다. 
[2025. 06. 13. 오후 05:22:04] [SUCCESS] ✅ 모듈 로드됨: party 
[2025. 06. 13. 오후 05:22:04] [INFO] ✅ Discord OAuth2 설정 확인: Client ID: 12701825... 
[2025. 06. 13. 오후 05:22:04] [INFO] ✅ Callback URL: http://localhost:3000/auth/discord/callback 
[2025. 06. 13. 오후 05:22:04] [PERMISSION] 권한 데이터 로드 완료 
[2025. 06. 13. 오후 05:22:04] [PERMISSION] 권한 데이터 로드 완료 
[2025. 06. 13. 오후 05:22:04] [PERMISSION] 권한 데이터 저장 완료 
[2025. 06. 13. 오후 05:22:04] [PERMISSION] 권한 데이터 저장 완료 
[2025. 06. 13. 오후 05:22:04] [INFO] 📍 로컬 주소: http://localhost:3000 
[2025. 06. 13. 오후 05:22:04] [INFO] 📍 네트워크 주소: http://192.168.50.161:3000 
[2025. 06. 13. 오후 05:22:04] [READY] 웹 대시보드 준비 완료! 
[2025. 06. 13. 오후 05:22:04] [INFO] 💡 팁: Ctrl+클릭으로 브라우저에서 바로 열 수 있습니다. 
[2025. 06. 13. 오후 05:22:04] [STARTUP] 웹 대시보드가 시작되었습니다! 
[2025. 06. 13. 오후 05:22:04] [INFO] 📍 로컬 주소: http://127.0.0.1:3000 
[2025. 06. 13. 오후 05:22:05] [INFO] 봇 클라이언트가 설정되었습니다. 
[2025. 06. 13. 오후 05:22:05] [SUCCESS] 📅 이벤트 로드됨: ready 
[2025. 06. 13. 오후 05:22:05] [SYSTEM] 🚀 시스템을 시작하는 중... 
[2025. 06. 13. 오후 05:22:05] [INFO] 🤖 Discord 봇 로그인 중... 
